e:\visual studio\_vs pro\imageprocessing\imageprocessing\debug\vc141.pdb
e:\visual studio\_vs pro\imageprocessing\imageprocessing\debug\vc141.idb
e:\visual studio\_vs pro\imageprocessing\imageprocessing\debug\viewtree.obj
e:\visual studio\_vs pro\imageprocessing\imageprocessing\debug\propertieswnd.obj
e:\visual studio\_vs pro\imageprocessing\imageprocessing\debug\outputwnd.obj
e:\visual studio\_vs pro\imageprocessing\imageprocessing\debug\mainfrm.obj
e:\visual studio\_vs pro\imageprocessing\imageprocessing\debug\imageprocessingview.obj
e:\visual studio\_vs pro\imageprocessing\imageprocessing\debug\imageprocessingdoc.obj
e:\visual studio\_vs pro\imageprocessing\imageprocessing\debug\imageprocessing.obj
e:\visual studio\_vs pro\imageprocessing\imageprocessing\debug\fileview.obj
e:\visual studio\_vs pro\imageprocessing\imageprocessing\debug\classview.obj
e:\visual studio\_vs pro\imageprocessing\imageprocessing\debug\cimagezftdlg.obj
e:\visual studio\_vs pro\imageprocessing\imageprocessing\debug\cimagepydlg.obj
e:\visual studio\_vs pro\imageprocessing\imageprocessing\debug\imageprocessing.pch
e:\visual studio\_vs pro\imageprocessing\imageprocessing\debug\stdafx.obj
e:\visual studio\_vs pro\imageprocessing\imageprocessing\debug\cimagexzdlg.obj
e:\visual studio\_vs pro\imageprocessing\imageprocessing\debug\imageprocessing.res
e:\visual studio\_vs pro\imageprocessing\debug\imageprocessing.pdb
e:\visual studio\_vs pro\imageprocessing\debug\imageprocessing.exe
e:\visual studio\_vs pro\imageprocessing\debug\imageprocessing.ilk
e:\visual studio\_vs pro\imageprocessing\imageprocessing\debug\imageprocessing.tlog\cl.command.1.tlog
e:\visual studio\_vs pro\imageprocessing\imageprocessing\debug\imageprocessing.tlog\cl.read.1.tlog
e:\visual studio\_vs pro\imageprocessing\imageprocessing\debug\imageprocessing.tlog\cl.write.1.tlog
e:\visual studio\_vs pro\imageprocessing\imageprocessing\debug\imageprocessing.tlog\link.command.1.tlog
e:\visual studio\_vs pro\imageprocessing\imageprocessing\debug\imageprocessing.tlog\link.read.1.tlog
e:\visual studio\_vs pro\imageprocessing\imageprocessing\debug\imageprocessing.tlog\link.write.1.tlog
e:\visual studio\_vs pro\imageprocessing\imageprocessing\debug\imageprocessing.tlog\rc.command.1.tlog
e:\visual studio\_vs pro\imageprocessing\imageprocessing\debug\imageprocessing.tlog\rc.read.1.tlog
e:\visual studio\_vs pro\imageprocessing\imageprocessing\debug\imageprocessing.tlog\rc.write.1.tlog
