e:\visual studio\_vs pro\imageshow\imageshow\debug\imageshow.pch
e:\visual studio\_vs pro\imageshow\imageshow\debug\vc141.pdb
e:\visual studio\_vs pro\imageshow\imageshow\debug\vc141.idb
e:\visual studio\_vs pro\imageshow\imageshow\debug\stdafx.obj
e:\visual studio\_vs pro\imageshow\imageshow\debug\viewtree.obj
e:\visual studio\_vs pro\imageshow\imageshow\debug\propertieswnd.obj
e:\visual studio\_vs pro\imageshow\imageshow\debug\outputwnd.obj
e:\visual studio\_vs pro\imageshow\imageshow\debug\mainfrm.obj
e:\visual studio\_vs pro\imageshow\imageshow\debug\imageshowview.obj
e:\visual studio\_vs pro\imageshow\imageshow\debug\imageshowdoc.obj
e:\visual studio\_vs pro\imageshow\imageshow\debug\imageshow.obj
e:\visual studio\_vs pro\imageshow\imageshow\debug\fileview.obj
e:\visual studio\_vs pro\imageshow\imageshow\debug\dibapi.obj
e:\visual studio\_vs pro\imageshow\imageshow\debug\classview.obj
e:\visual studio\_vs pro\imageshow\debug\imageshow.exe
e:\visual studio\_vs pro\imageshow\debug\imageshow.ilk
e:\visual studio\_vs pro\imageshow\debug\imageshow.pdb
e:\visual studio\_vs pro\imageshow\imageshow\debug\imageshow.res
e:\visual studio\_vs pro\imageshow\imageshow\debug\imageshow.tlog\cl.command.1.tlog
e:\visual studio\_vs pro\imageshow\imageshow\debug\imageshow.tlog\cl.read.1.tlog
e:\visual studio\_vs pro\imageshow\imageshow\debug\imageshow.tlog\cl.write.1.tlog
e:\visual studio\_vs pro\imageshow\imageshow\debug\imageshow.tlog\link.command.1.tlog
e:\visual studio\_vs pro\imageshow\imageshow\debug\imageshow.tlog\link.read.1.tlog
e:\visual studio\_vs pro\imageshow\imageshow\debug\imageshow.tlog\link.write.1.tlog
e:\visual studio\_vs pro\imageshow\imageshow\debug\imageshow.tlog\rc.command.1.tlog
e:\visual studio\_vs pro\imageshow\imageshow\debug\imageshow.tlog\rc.read.1.tlog
e:\visual studio\_vs pro\imageshow\imageshow\debug\imageshow.tlog\rc.write.1.tlog
